[    0.000000] Initializing cgroup subsys cpuset
[    0.000000] Initializing cgroup subsys cpu
[    0.000000] Initializing cgroup subsys cpuacct
[    0.000000] Linux version 4.4.0-210-generic (buildd@lgw01-amd64-009) (gcc version 5.4.0 20160609 (Ubuntu 5.4.0-6ubuntu1~16.04.12) ) #242-Ubuntu SMP Fri Apr 16 09:57:56 UTC 2021 (Ubuntu 4.4.0-210.242-generic 4.4.262)
[    0.000000] Command line: BOOT_IMAGE=/boot/vmlinuz-4.4.0-210-generic root=LABEL=cloudimg-rootfs ro console=tty1 console=ttyS0
[    0.000000] KERNEL supported cpus:
[    0.000000]   Intel GenuineIntel
[    0.000000]   AMD AuthenticAMD
[    0.000000]   Centaur CentaurHauls
[    0.000000] [Firmware Bug]: TSC doesn't count with P0 frequency!
[    0.000000] x86/fpu: xstate_offset[2]:  576, xstate_sizes[2]:  256
[    0.000000] x86/fpu: Supporting XSAVE feature 0x01: 'x87 floating point registers'
[    0.000000] x86/fpu: Supporting XSAVE feature 0x02: 'SSE registers'
[    0.000000] x86/fpu: Supporting XSAVE feature 0x04: 'AVX registers'
[    0.000000] x86/fpu: Enabled xstate features 0x7, context size is 832 bytes, using 'standard' format.
[    0.000000] e820: BIOS-provided physical RAM map:
[    0.000000] BIOS-e820: [mem 0x0000000000000000-0x000000000009fbff] usable
[    0.000000] BIOS-e820: [mem 0x000000000009fc00-0x000000000009ffff] reserved
[    0.000000] BIOS-e820: [mem 0x00000000000f0000-0x00000000000fffff] reserved
[    0.000000] BIOS-e820: [mem 0x0000000000100000-0x000000003ffeffff] usable
[    0.000000] BIOS-e820: [mem 0x000000003fff0000-0x000000003fffffff] ACPI data
[    0.000000] BIOS-e820: [mem 0x00000000fec00000-0x00000000fec00fff] reserved
[    0.000000] BIOS-e820: [mem 0x00000000fee00000-0x00000000fee00fff] reserved
[    0.000000] BIOS-e820: [mem 0x00000000fffc0000-0x00000000ffffffff] reserved
[    0.000000] NX (Execute Disable) protection: active
[    0.000000] SMBIOS 2.5 present.
[    0.000000] Hypervisor detected: KVM
[    0.000000] Kernel/User page tables isolation: disabled
[    0.000000] e820: last_pfn = 0x3fff0 max_arch_pfn = 0x400000000
[    0.000000] MTRR: Disabled
[    0.000000] x86/PAT: MTRRs disabled, skipping PAT initialization too.
[    0.000000] CPU MTRRs all blank - virtualized system.
[    0.000000] x86/PAT: Configuration [0-7]: WB  WT  UC- UC  WB  WT  UC- UC  
[    0.000000] found SMP MP-table at [mem 0x0009fff0-0x0009ffff] mapped at [ffff88000009fff0]
[    0.000000] Scanning 1 areas for low memory corruption
[    0.000000] RAMDISK: [mem 0x362dc000-0x37165fff]
[    0.000000] ACPI: Early table checksum verification disabled
[    0.000000] ACPI: RSDP 0x00000000000E0000 000024 (v02 VBOX  )
[    0.000000] ACPI: XSDT 0x000000003FFF0030 00003C (v01 VBOX   VBOXXSDT 00000001 ASL  00000061)
[    0.000000] ACPI: FACP 0x000000003FFF00F0 0000F4 (v04 VBOX   VBOXFACP 00000001 ASL  00000061)
[    0.000000] ACPI: DSDT 0x000000003FFF0610 002353 (v02 VBOX   VBOXBIOS 00000002 INTL 20100528)
[    0.000000] ACPI: FACS 0x000000003FFF0200 000040
[    0.000000] ACPI: FACS 0x000000003FFF0200 000040
[    0.000000] ACPI: APIC 0x000000003FFF0240 00005C (v02 VBOX   VBOXAPIC 00000001 ASL  00000061)
[    0.000000] ACPI: SSDT 0x000000003FFF02A0 00036C (v01 VBOX   VBOXCPUT 00000002 INTL 20100528)
[    0.000000] No NUMA configuration found
[    0.000000] Faking a node at [mem 0x0000000000000000-0x000000003ffeffff]
[    0.000000] NODE_DATA(0) allocated [mem 0x3ffeb000-0x3ffeffff]
[    0.000000] kvm-clock: Using msrs 4b564d01 and 4b564d00
[    0.000000] kvm-clock: cpu 0, msr 0:3ffe3001, primary cpu clock
[    0.000000] kvm-clock: using sched offset of 3116441456 cycles
[    0.000000] clocksource: kvm-clock: mask: 0xffffffffffffffff max_cycles: 0x1cd42e4dffb, max_idle_ns: 881590591483 ns
[    0.000000] Zone ranges:
[    0.000000]   DMA      [mem 0x0000000000001000-0x0000000000ffffff]
[    0.000000]   DMA32    [mem 0x0000000001000000-0x000000003ffeffff]
[    0.000000]   Normal   empty
[    0.000000]   Device   empty
[    0.000000] Movable zone start for each node
[    0.000000] Early memory node ranges
[    0.000000]   node   0: [mem 0x0000000000001000-0x000000000009efff]
[    0.000000]   node   0: [mem 0x0000000000100000-0x000000003ffeffff]
[    0.000000] Initmem setup node 0 [mem 0x0000000000001000-0x000000003ffeffff]
[    0.000000] ACPI: PM-Timer IO Port: 0x4008
[    0.000000] IOAPIC[0]: apic_id 2, version 32, address 0xfec00000, GSI 0-23
[    0.000000] ACPI: INT_SRC_OVR (bus 0 bus_irq 0 global_irq 2 dfl dfl)
[    0.000000] ACPI: INT_SRC_OVR (bus 0 bus_irq 9 global_irq 9 low level)
[    0.000000] Using ACPI (MADT) for SMP configuration information
[    0.000000] smpboot: Allowing 2 CPUs, 0 hotplug CPUs
[    0.000000] PM: Registered nosave memory: [mem 0x00000000-0x00000fff]
[    0.000000] PM: Registered nosave memory: [mem 0x0009f000-0x0009ffff]
[    0.000000] PM: Registered nosave memory: [mem 0x000a0000-0x000effff]
[    0.000000] PM: Registered nosave memory: [mem 0x000f0000-0x000fffff]
[    0.000000] e820: [mem 0x40000000-0xfebfffff] available for PCI devices
[    0.000000] Booting paravirtualized kernel on KVM
[    0.000000] clocksource: refined-jiffies: mask: 0xffffffff max_cycles: 0xffffffff, max_idle_ns: 7645519600211568 ns
[    0.000000] setup_percpu: NR_CPUS:512 nr_cpumask_bits:512 nr_cpu_ids:2 nr_node_ids:1
[    0.000000] PERCPU: Embedded 33 pages/cpu @ffff88003fc00000 s95192 r8192 d31784 u1048576
[    0.000000] Built 1 zonelists in Node order, mobility grouping on.  Total pages: 257912
[    0.000000] Policy zone: DMA32
[    0.000000] Kernel command line: BOOT_IMAGE=/boot/vmlinuz-4.4.0-210-generic root=LABEL=cloudimg-rootfs ro console=tty1 console=ttyS0
[    0.000000] PID hash table entries: 4096 (order: 3, 32768 bytes)
[    0.000000] Memory: 997792K/1048120K available (8644K kernel code, 1332K rwdata, 4044K rodata, 1492K init, 1164K bss, 50328K reserved, 0K cma-reserved)
[    0.000000] SLUB: HWalign=64, Order=0-3, MinObjects=0, CPUs=2, Nodes=1
[    0.000000] Hierarchical RCU implementation.
[    0.000000] 	Build-time adjustment of leaf fanout to 64.
[    0.000000] 	RCU restricting CPUs from NR_CPUS=512 to nr_cpu_ids=2.
[    0.000000] RCU: Adjusting geometry for rcu_fanout_leaf=64, nr_cpu_ids=2
[    0.000000] NR_IRQS:33024 nr_irqs:440 16
[    0.000000] Console: colour VGA+ 80x25
[    0.000000] console [tty1] enabled
[    0.000000] console [ttyS0] enabled
[    0.000000] tsc: Detected 2096.058 MHz processor
[    0.142041] Calibrating delay loop (skipped) preset value.. 4192.11 BogoMIPS (lpj=8384232)
[    0.143488] pid_max: default: 32768 minimum: 301
[    0.144281] ACPI: Core revision 20150930
[    0.146095] ACPI: 2 ACPI AML tables successfully acquired and loaded
[    0.147189] Security Framework initialized
[    0.147899] Yama: becoming mindful.
[    0.148539] AppArmor: AppArmor initialized
[    0.150017] Dentry cache hash table entries: 131072 (order: 8, 1048576 bytes)
[    0.152396] Inode-cache hash table entries: 65536 (order: 7, 524288 bytes)
[    0.155445] Mount-cache hash table entries: 2048 (order: 2, 16384 bytes)
[    0.156996] Mountpoint-cache hash table entries: 2048 (order: 2, 16384 bytes)
[    0.158769] Initializing cgroup subsys io
[    0.159642] Initializing cgroup subsys memory
[    0.160550] Initializing cgroup subsys devices
[    0.161483] Initializing cgroup subsys freezer
[    0.162845] Initializing cgroup subsys net_cls
[    0.164149] Initializing cgroup subsys perf_event
[    0.165506] Initializing cgroup subsys net_prio
[    0.166802] Initializing cgroup subsys hugetlb
[    0.168039] Initializing cgroup subsys pids
[    0.181321] mce: CPU supports 0 MCE banks
[    0.182005] Last level iTLB entries: 4KB 1024, 2MB 1024, 4MB 512
[    0.182855] Last level dTLB entries: 4KB 1536, 2MB 1536, 4MB 768, 1GB 0
[    0.183886] Spectre V1 : Mitigation: usercopy/swapgs barriers and __user pointer sanitization
[    0.185350] Spectre V2 : Spectre mitigation: LFENCE not serializing, switching to generic retpoline
[    0.186885] Spectre V2 : Mitigation: Full generic retpoline
[    0.187845] Spectre V2 : Spectre v2 / SpectreRSB mitigation: Filling RSB on context switch
[    0.191383] Freeing SMP alternatives memory: 36K
[    0.200737] ftrace: allocating 32380 entries in 127 pages
[    0.268591] smpboot: APIC(0) Converting physical 0 to logical package 0
[    0.269667] smpboot: Max logical packages: 1
[    0.270619] x2apic enabled
[    0.271364] Switched APIC routing to physical x2apic.
[    0.273201] ..TIMER: vector=0x30 apic1=0 pin1=2 apic2=-1 pin2=-1
[    0.382194] APIC calibration not consistent with PM-Timer: 101ms instead of 100ms
[    0.383519] APIC delta adjusted to PM-Timer: 6337540 (6454942)
[    0.384456] smpboot: CPU0: AMD Ryzen 5 3500U with Radeon Vega Mobile Gfx (family: 0x17, model: 0x18, stepping: 0x1)
[    0.386272] Performance Events: Broken PMU hardware detected, using software events only.
[    0.387672] Failed to access perfctr msr (MSR c0010007 is 0)
[    0.394435] KVM setup paravirtual spinlock
[    0.396026] x86: Booting SMP configuration:
[    0.396752] .... node  #0, CPUs:      #1
[    0.397691] kvm-clock: cpu 1, msr 0:3ffe3041, secondary cpu clock
[    0.423524] mce: CPU supports 0 MCE banks
[    0.426046] x86: Booted up 1 node, 2 CPUs
[    0.427031] smpboot: Total of 2 processors activated (8384.23 BogoMIPS)
[    0.428828] devtmpfs: initialized
[    0.431921] evm: security.selinux
[    0.432569] evm: security.SMACK64
[    0.433208] evm: security.SMACK64EXEC
[    0.433903] evm: security.SMACK64TRANSMUTE
[    0.434653] evm: security.SMACK64MMAP
[    0.435370] evm: security.ima
[    0.435950] evm: security.capability
[    0.438120] clocksource: jiffies: mask: 0xffffffff max_cycles: 0xffffffff, max_idle_ns: 7645041785100000 ns
[    0.439817] futex hash table entries: 512 (order: 3, 32768 bytes)
[    0.441149] pinctrl core: initialized pinctrl subsystem
[    0.443895] RTC time:  9:57:29, date: 05/22/24
[    0.445530] NET: Registered protocol family 16
[    0.457856] cpuidle: using governor ladder
[    0.470111] cpuidle: using governor menu
[    0.471056] PCCT header not found.
[    0.472354] ACPI: bus type PCI registered
[    0.473338] acpiphp: ACPI Hot Plug PCI Controller Driver version: 0.5
[    0.474866] PCI: Using configuration type 1 for base access
[    0.476119] PCI: Using configuration type 1 for extended access
[    0.491141] ACPI: Added _OSI(Module Device)
[    0.492082] ACPI: Added _OSI(Processor Device)
[    0.493033] ACPI: Added _OSI(3.0 _SCP Extensions)
[    0.494027] ACPI: Added _OSI(Processor Aggregator Device)
[    0.496448] ACPI: Executed 1 blocks of module-level executable AML code
[    0.502645] ACPI: Interpreter enabled
[    0.504123] ACPI: (supports S0 S5)
[    0.505495] ACPI: Using IOAPIC for interrupt routing
[    0.507595] PCI: Using host bridge windows from ACPI; if necessary, use "pci=nocrs" and report a bug
[    0.513436] ACPI: PCI Root Bridge [PCI0] (domain 0000 [bus 00-ff])
[    0.514368] acpi PNP0A03:00: _OSC: OS supports [ExtendedConfig ASPM ClockPM Segments MSI]
[    0.516153] acpi PNP0A03:00: _OSC: platform does not support [PCIeCapability]
[    0.517423] acpi PNP0A03:00: _OSC: not requesting control; platform does not support [PCIeCapability]
[    0.518864] acpi PNP0A03:00: _OSC: OS requested [PCIeHotplug PME AER PCIeCapability]
[    0.520104] acpi PNP0A03:00: _OSC: platform willing to grant [PCIeHotplug PME AER]
[    0.521329] acpi PNP0A03:00: _OSC failed (AE_SUPPORT); disabling ASPM
[    0.524235] PCI host bridge to bus 0000:00
[    0.536387] pci_bus 0000:00: root bus resource [io  0x0000-0x0cf7 window]
[    0.537434] pci_bus 0000:00: root bus resource [io  0x0d00-0xffff window]
[    0.538470] pci_bus 0000:00: root bus resource [mem 0x000a0000-0x000bffff window]
[    0.540463] pci_bus 0000:00: root bus resource [mem 0x40000000-0xfdffffff window]
[    0.542604] pci_bus 0000:00: root bus resource [bus 00-ff]
[    0.546389] pci 0000:00:01.1: legacy IDE quirk: reg 0x10: [io  0x01f0-0x01f7]
[    0.547913] pci 0000:00:01.1: legacy IDE quirk: reg 0x14: [io  0x03f6]
[    0.548973] pci 0000:00:01.1: legacy IDE quirk: reg 0x18: [io  0x0170-0x0177]
[    0.551067] pci 0000:00:01.1: legacy IDE quirk: reg 0x1c: [io  0x0376]
[    0.575842] pci 0000:00:07.0: quirk: [io  0x4000-0x403f] claimed by PIIX4 ACPI
[    0.577675] pci 0000:00:07.0: quirk: [io  0x4100-0x410f] claimed by PIIX4 SMB
[    0.588178] ACPI: PCI Interrupt Link [LNKA] (IRQs 5 9 10 *11)
[    0.591089] ACPI: PCI Interrupt Link [LNKB] (IRQs 5 9 *10 11)
[    0.593076] ACPI: PCI Interrupt Link [LNKC] (IRQs 5 *9 10 11)
[    0.595043] ACPI: PCI Interrupt Link [LNKD] (IRQs 5 9 10 *11)
[    0.596905] ACPI: Enabled 2 GPEs in block 00 to 07
[    0.598403] vgaarb: setting as boot device: PCI:0000:00:02.0
[    0.599463] vgaarb: device added: PCI:0000:00:02.0,decodes=io+mem,owns=io+mem,locks=none
[    0.601182] vgaarb: loaded
[    0.601866] vgaarb: bridge control possible 0000:00:02.0
[    0.603014] SCSI subsystem initialized
[    0.603966] ACPI: bus type USB registered
[    0.605435] usbcore: registered new interface driver usbfs
[    0.606886] usbcore: registered new interface driver hub
[    0.608282] usbcore: registered new device driver usb
[    0.609917] PCI: Using ACPI for IRQ routing
[    0.611646] NetLabel: Initializing
[    0.612754] NetLabel:  domain hash size = 128
[    0.613716] NetLabel:  protocols = UNLABELED CIPSOv4
[    0.614801] NetLabel:  unlabeled traffic allowed by default
[    0.616021] amd_nb: Cannot enumerate AMD northbridges
[    0.617040] clocksource: Switched to clocksource kvm-clock
[    0.626049] AppArmor: AppArmor Filesystem Enabled
[    0.627006] pnp: PnP ACPI init
[    0.628359] pnp: PnP ACPI: found 3 devices
[    0.638921] clocksource: acpi_pm: mask: 0xffffff max_cycles: 0xffffff, max_idle_ns: 2085701024 ns
[    0.641055] NET: Registered protocol family 2
[    0.642105] TCP established hash table entries: 8192 (order: 4, 65536 bytes)
[    0.643290] TCP bind hash table entries: 8192 (order: 5, 131072 bytes)
[    0.644346] TCP: Hash tables configured (established 8192 bind 8192)
[    0.645424] UDP hash table entries: 512 (order: 2, 16384 bytes)
[    0.646379] UDP-Lite hash table entries: 512 (order: 2, 16384 bytes)
[    0.647654] NET: Registered protocol family 1
[    0.648478] pci 0000:00:00.0: Limiting direct PCI/PCI transfers
[    0.649456] pci 0000:00:01.0: Activating ISA DMA hang workarounds
[    0.651249] Unpacking initramfs...
[    0.851878] Freeing initrd memory: 14888K
[    0.853691] clocksource: tsc: mask: 0xffffffffffffffff max_cycles: 0x1e36a4bd495, max_idle_ns: 440795229998 ns
[    0.856042] platform rtc_cmos: registered platform RTC device (no PNP device found)
[    0.857461] Scanning for low memory corruption every 60 seconds
[    0.859010] audit: initializing netlink subsys (disabled)
[    0.859931] audit: type=2000 audit(1716371854.670:1): initialized
[    0.861141] Initialise system trusted keyring
[    0.862091] HugeTLB registered 2 MB page size, pre-allocated 0 pages
[    0.863991] zbud: loaded
[    0.865288] VFS: Disk quotas dquot_6.6.0
[    0.866734] VFS: Dquot-cache hash table entries: 512 (order 0, 4096 bytes)
[    0.868760] squashfs: version 4.0 (2009/01/31) Phillip Lougher
[    0.871579] fuse init (API version 7.23)
[    0.872482] Key type big_key registered
[    0.873242] Allocating IMA MOK and blacklist keyrings.
[    0.875305] Key type asymmetric registered
[    0.876393] Asymmetric key parser 'x509' registered
[    0.877676] Block layer SCSI generic (bsg) driver version 0.4 loaded (major 249)
[    0.879444] io scheduler noop registered
[    0.880708] io scheduler deadline registered (default)
[    0.882116] io scheduler cfq registered
[    0.883152] pci_hotplug: PCI Hot Plug PCI Core version: 0.5
[    0.884003] pciehp: PCI Express Hot Plug Controller Driver version: 0.4
[    0.885102] ACPI: AC Adapter [AC] (on-line)
[    0.885931] input: Power Button as /devices/LNXSYSTM:00/LNXPWRBN:00/input/input0
[    0.887279] ACPI: Power Button [PWRF]
[    0.888017] input: Sleep Button as /devices/LNXSYSTM:00/LNXSLPBN:00/input/input1
[    0.889368] ACPI: Sleep Button [SLPF]
[    0.890233] GHES: HEST is not enabled!
[    0.890995] Serial: 8250/16550 driver, 32 ports, IRQ sharing enabled
[    0.891375] ACPI: Battery Slot [BAT0] (battery present)
[    0.913393] 00:02: ttyS0 at I/O 0x3f8 (irq = 4, base_baud = 115200) is a 16550A
[    0.916991] Linux agpgart interface v0.103
[    0.919561] loop: module loaded
[    0.921309] scsi host0: ata_piix
[    0.922102] scsi host1: ata_piix
[    0.923211] ata1: PATA max UDMA/33 cmd 0x1f0 ctl 0x3f6 bmdma 0xd000 irq 14
[    0.925034] ata2: PATA max UDMA/33 cmd 0x170 ctl 0x376 bmdma 0xd008 irq 15
[    0.926647] libphy: Fixed MDIO Bus: probed
[    0.927573] tun: Universal TUN/TAP device driver, 1.6
[    0.928516] tun: (C) 1999-2004 Max Krasnyansky <maxk@qualcomm.com>
[    0.929639] PPP generic driver version 2.4.2
[    0.930436] ehci_hcd: USB 2.0 'Enhanced' Host Controller (EHCI) Driver
[    0.931488] ehci-pci: EHCI PCI platform driver
[    0.932300] ehci-platform: EHCI generic platform driver
[    0.933162] ohci_hcd: USB 1.1 'Open' Host Controller (OHCI) Driver
[    0.934167] ohci-pci: OHCI PCI platform driver
[    0.934974] ohci-platform: OHCI generic platform driver
[    0.935904] uhci_hcd: USB Universal Host Controller Interface driver
[    0.937009] i8042: PNP: PS/2 Controller [PNP0303:PS2K,PNP0f03:PS2M] at 0x60,0x64 irq 1,12
[    0.938854] serio: i8042 KBD port at 0x60,0x64 irq 1
[    0.939712] serio: i8042 AUX port at 0x60,0x64 irq 12
[    0.940817] mousedev: PS/2 mouse device common for all mice
[    0.942289] rtc_cmos rtc_cmos: rtc core: registered rtc_cmos as rtc0
[    0.943348] input: AT Translated Set 2 keyboard as /devices/platform/i8042/serio0/input/input2
[    0.944791] rtc_cmos rtc_cmos: alarms up to one day, 114 bytes nvram
[    0.945887] i2c /dev entries driver
[    0.946673] device-mapper: uevent: version 1.0.3
[    0.947617] device-mapper: ioctl: 4.34.0-ioctl (2015-10-28) initialised: dm-devel@redhat.com
[    0.949176] ledtrig-cpu: registered to indicate activity on CPUs
[    0.950778] NET: Registered protocol family 10
[    0.952570] NET: Registered protocol family 17
[    0.953837] Key type dns_resolver registered
[    0.955693] registered taskstats version 1
[    0.956733] Loading compiled-in X.509 certificates
[    0.958479] Loaded X.509 cert 'Build time autogenerated kernel key: cf00e047681d67edb2720680708b7d9498083038'
[    0.960764] zswap: loaded using pool lzo/zbud
[    0.963992] Key type trusted registered
[    0.969345] Key type encrypted registered
[    0.970744] AppArmor: AppArmor sha1 policy hashing enabled
[    0.972074] ima: No TPM chip found, activating TPM-bypass!
[    0.973215] ima: Allocated hash algorithm: sha1
[    0.974264] evm: HMAC attrs: 0x1
[    0.975502]   Magic number: 8:44:981
[    0.977229] rtc_cmos rtc_cmos: setting system clock to 2024-05-22 09:57:30 UTC (1716371850)
[    0.979985] BIOS EDD facility v0.16 2004-Jun-25, 0 devices found
[    0.982506] EDD information not available.
[    1.899216] Freeing unused kernel memory: 1492K
[    1.913349] Write protecting the kernel read-only data: 14336k
[    1.915224] Freeing unused kernel memory: 1584K
[    1.916432] Freeing unused kernel memory: 52K
Loading, please wait...
starting version 229
[    1.930345] random: systemd-udevd: uninitialized urandom read (16 bytes read, 3 bits of entropy available)
[    1.932561] random: systemd-udevd: uninitialized urandom read (16 bytes read, 3 bits of entropy available)
[    1.934024] random: udevadm: uninitialized urandom read (16 bytes read, 3 bits of entropy available)
[    1.934049] random: udevadm: uninitialized urandom read (16 bytes read, 3 bits of entropy available)
[    1.940744] random: systemd-udevd: uninitialized urandom read (16 bytes read, 3 bits of entropy available)
[    1.941854] random: udevadm: uninitialized urandom read (16 bytes read, 3 bits of entropy available)
[    1.941900] random: udevadm: uninitialized urandom read (16 bytes read, 3 bits of entropy available)
[    1.942021] random: udevadm: uninitialized urandom read (16 bytes read, 3 bits of entropy available)
[    1.942068] random: udevadm: uninitialized urandom read (16 bytes read, 3 bits of entropy available)
[    1.942115] random: udevadm: uninitialized urandom read (16 bytes read, 3 bits of entropy available)
[    1.983594] e1000: Intel(R) PRO/1000 Network Driver - version 7.3.21-k8-NAPI
[    1.984785] e1000: Copyright (c) 1999-2006 Intel Corporation.
[    1.988940] Fusion MPT base driver 3.04.20
[    1.989710] Copyright (c) 1999-2008 LSI Corporation
[    1.998517] Fusion MPT SPI Host driver 3.04.20
[    1.999765] AVX2 version of gcm_enc/dec engaged.
[    2.000577] AES CTR mode by8 optimization enabled
[    2.210782] input: ImExPS/2 Generic Explorer Mouse as /devices/platform/i8042/serio1/input/input4
[    2.350423] e1000 0000:00:03.0 eth0: (PCI:33MHz:32-bit) 02:be:82:6b:cc:1d
[    2.351536] e1000 0000:00:03.0 eth0: Intel(R) PRO/1000 Network Connection
[    2.353443] mptbase: ioc0: Initiating bringup
[    2.355029] e1000 0000:00:03.0 enp0s3: renamed from eth0
[    2.775077] ioc0: LSI53C1030 A0: Capabilities={Initiator}
[    3.183039] scsi host2: ioc0: LSI53C1030 A0, FwRev=00000000h, Ports=1, MaxQ=256, IRQ=20
[    4.086313] scsi 2:0:0:0: Direct-Access     VBOX     HARDDISK         1.0  PQ: 0 ANSI: 5
[    4.097940] scsi target2:0:0: Beginning Domain Validation
[    4.100183] scsi target2:0:0: Domain Validation skipping write tests
[    4.101205] scsi target2:0:0: Ending Domain Validation
[    4.102173] scsi target2:0:0: asynchronous
[    4.103474] scsi 2:0:1:0: Direct-Access     VBOX     HARDDISK         1.0  PQ: 0 ANSI: 5
[    4.104886] scsi target2:0:1: Beginning Domain Validation
[    4.107045] scsi target2:0:1: Domain Validation skipping write tests
[    4.109637] scsi target2:0:1: Ending Domain Validation
[    4.111403] scsi target2:0:1: asynchronous
[    4.118105] sd 2:0:0:0: Attached scsi generic sg0 type 0
[    4.118432] sd 2:0:0:0: [sda] 83886080 512-byte logical blocks: (42.9 GB/40.0 GiB)
[    4.118562] sd 2:0:0:0: [sda] Write Protect is off
[    4.118638] sd 2:0:0:0: [sda] Incomplete mode parameter data
[    4.118639] sd 2:0:0:0: [sda] Assuming drive cache: write through
[    4.119598]  sda: sda1
[    4.120521] sd 2:0:0:0: [sda] Attached SCSI disk
[    4.126069] sd 2:0:1:0: Attached scsi generic sg1 type 0
[    4.126308] sd 2:0:1:0: [sdb] 20480 512-byte logical blocks: (10.5 MB/10.0 MiB)
[    4.126460] sd 2:0:1:0: [sdb] Write Protect is off
[    4.126564] sd 2:0:1:0: [sdb] Incomplete mode parameter data
[    4.126566] sd 2:0:1:0: [sdb] Assuming drive cache: write through
[    4.129432] sd 2:0:1:0: [sdb] Attached SCSI disk
Begin: Loading essential drivers ... [    5.470470] md: linear personality registered for level -1
[    5.474642] md: multipath personality registered for level -4
[    5.478655] md: raid0 personality registered for level 0
[    5.482558] md: raid1 personality registered for level 1
[    5.553442] raid6: sse2x1   gen()  7574 MB/s
[    5.621352] raid6: sse2x1   xor()  6730 MB/s
[    5.689509] raid6: sse2x2   gen() 14402 MB/s
[    5.757510] raid6: sse2x2   xor()  9580 MB/s
[    5.825573] raid6: sse2x4   gen() 15005 MB/s
[    5.893080] raid6: sse2x4   xor()  6400 MB/s
[    5.961056] raid6: avx2x1   gen() 16867 MB/s
[    6.029498] raid6: avx2x2   gen() 21121 MB/s
[    6.097051] raid6: avx2x4   gen() 21199 MB/s
[    6.097869] raid6: using algorithm avx2x4 gen() 21199 MB/s
[    6.098786] raid6: using avx2x2 recovery algorithm
[    6.101546] xor: automatically using best checksumming function:
[    6.141536]    avx       : 11440.000 MB/sec
[    6.144232] async_tx: api initialized (async)
[    6.155300] md: raid6 personality registered for level 6
[    6.156220] md: raid5 personality registered for level 5
[    6.157121] md: raid4 personality registered for level 4
[    6.163563] md: raid10 personality registered for level 10
done.
Begin: Running /scripts/init-premount ... done.
Begin: Mounting root file system ... Begin: Running /scripts/local-top ... done.
Begin: Running /scripts/local-premount ... [    6.189184] Btrfs loaded
Scanning for Btrfs filesystems
done.
Warning: fsck not present, so skipping root file system
[    6.219460] EXT4-fs (sda1): mounted filesystem with ordered data mode. Opts: (null)
done.
Begin: Running /scripts/local-bottom ... done.
Begin: Running /scripts/init-bottom ... done.
[    6.301850] systemd[1]: systemd 229 running in system mode. (+PAM +AUDIT +SELINUX +IMA +APPARMOR +SMACK +SYSVINIT +UTMP +LIBCRYPTSETUP +GCRYPT +GNUTLS +ACL +XZ -LZ4 +SECCOMP +BLKID +ELFUTILS +KMOD -IDN)
[    6.304790] systemd[1]: Detected virtualization oracle.
[    6.305727] systemd[1]: Detected architecture x86-64.

Welcome to [1mUbuntu 16.04.7 LTS[0m!

[    6.310805] systemd[1]: Set hostname to <ubuntu>.
[    6.313644] systemd[1]: Initializing machine ID from random generator.
[    6.315388] systemd[1]: Installed transient /etc/machine-id file.
[    6.431042] systemd[1]: Listening on Journal Socket (/dev/log).
[[0;32m  OK  [0m] Listening on Journal Socket (/dev/log).
[    6.441898] systemd[1]: Created slice User and Session Slice.
[[0;32m  OK  [0m] Created slice User and Session Slice.
[    6.444245] systemd[1]: Started Trigger resolvconf update for networkd DNS.
[[0;32m  OK  [0m] Started Trigger resolvconf update for networkd DNS.
[    6.446989] systemd[1]: Started Forward Password Requests to Wall Directory Watch.
[[0;32m  OK  [0m] Started Forward Password Requests to Wall Directory Watch.
[    6.450154] systemd[1]: Listening on LVM2 metadata daemon socket.
[[0;32m  OK  [0m] Listening on LVM2 metadata daemon socket.
[    6.452472] systemd[1]: Reached target User and Group Name Lookups.
[[0;32m  OK  [0m] Reached target User and Group Name Lookups.
[    6.454772] systemd[1]: Listening on Journal Audit Socket.
[[0;32m  OK  [0m] Listening on Journal Audit Socket.
[    6.456506] systemd[1]: Listening on Syslog Socket.
[[0;32m  OK  [0m] Listening on Syslog Socket.
[    6.458022] systemd[1]: Listening on Device-mapper event daemon FIFOs.
[[0;32m  OK  [0m] Listening on Device-mapper event daemon FIFOs.
[    6.461274] systemd[1]: Listening on /dev/initctl Compatibility Named Pipe.
[[0;32m  OK  [0m] Listening on /dev/initctl Compatibility Named Pipe.
[    6.463802] systemd[1]: Listening on udev Control Socket.
[[0;32m  OK  [0m] Listening on udev Control Socket.
[    6.465360] systemd[1]: Reached target System Time Synchronized.
[[0;32m  OK  [0m] Reached target System Time Synchronized.
[    6.466967] systemd[1]: Reached target Encrypted Volumes.
[[0;32m  OK  [0m] Reached target Encrypted Volumes.
[    6.470448] systemd[1]: Set up automount Arbitrary Executable File Formats File System Automount Point.
[[0;32m  OK  [0m] Set up automount Arbitrary Executab...ats File System Automount Point.
[    6.473304] systemd[1]: Listening on fsck to fsckd communication Socket.
[[0;32m  OK  [0m] Listening on fsck to fsckd communication Socket.
[    6.475098] systemd[1]: Listening on udev Kernel Socket.
[[0;32m  OK  [0m] Listening on udev Kernel Socket.
[    6.476735] systemd[1]: Listening on LVM2 poll daemon socket.
[[0;32m  OK  [0m] Listening on LVM2 poll daemon socket.
[    6.478690] systemd[1]: Created slice System Slice.
[[0;32m  OK  [0m] Created slice System Slice.
[    6.480482] systemd[1]: Created slice system-serial\x2dgetty.slice.
[[0;32m  OK  [0m] Created slice system-serial\x2dgetty.slice.
[    6.482333] systemd[1]: Listening on Journal Socket.
[[0;32m  OK  [0m] Listening on Journal Socket.
[    6.493337] systemd[1]: Starting Monitoring of LVM2 mirrors, snapshots etc. using dmeventd or progress polling...
         Starting Monitoring of LVM2 mirrors... dmeventd or progress polling...
[    6.497791] systemd[1]: Starting Nameserver information manager...
         Starting Nameserver information manager...
[    6.502449] systemd[1]: Starting Uncomplicated firewall...
         Starting Uncomplicated firewall...
[    6.507978] systemd[1]: Starting Load Kernel Modules...
         Starting Load Kernel Modules...
[    6.517009] Loading iSCSI transport class v2.0-870.
[    6.522737] systemd[1]: Starting Journal Service...
         Starting Journal Service...
[    6.526899] iscsi: registered transport (tcp)
[    6.530494] systemd[1]: Starting Create list of required static device nodes for the current kernel...
         Starting Create list of required st... nodes for the current kernel...
[    6.535442] systemd[1]: Starting Set console keymap...
         Starting Set console keymap...
[    6.542337] systemd[1]: Starting File System Check on Root Device...
         Starting File System Check on Root Device...
[    6.545543] systemd[1]: Mounting POSIX Message Queue File System...
         Mounting POSIX Message Queue File System...
[    6.549684] systemd[1]: Mounting Huge Pages File System...
         Mounting Huge Pages File System...
[    6.551426] systemd[1]: Reached target Slices.
[[0;32m  OK  [0m] Reached target Slices.
[    6.553806] systemd[1]: Mounting Debug File System...
         Mounting Debug File System...
[    6.556713] systemd[1]: Reached target Swap.
[[0;32m  OK  [0m] Reached target Swap.
[    6.562088] systemd[1]: Mounted Huge Pages File System.
[[0;32m  OK  [0m] Mounted Huge Pages File System.
[    6.563632] systemd[1]: Mounted POSIX Message Queue File System.
[[0;32m  OK  [0m] Mounted POSIX Message Queue File System.
[    6.565351] systemd[1]: Mounted Debug File System.
[[0;32m  OK  [0m] Mounted Debug File System.
[    6.566996] systemd[1]: Started Journal Service.
[[0;32m  OK  [0m] Started Journal Service.
[[0;32m  OK  [0m] Started Uncomplicated firewall.
[[0;32m  OK  [0m] Started Create list of required sta...ce nodes for the current kernel.
[[0;32m  OK  [0m] Started Nameserver information manager.
[[0;32m  OK  [0m] Started LVM2 metadata daemon.
[[0;32m  OK  [0m] Started File System Check Daemon to report status.
         Starting Create Static Device Nodes in /dev...
[[0;32m  OK  [0m] Started Create Static Device Nodes in /dev.
         Starting udev Kernel Device Manager...
[[0;32m  OK  [0m] Started File System Check on Root Device.
[    6.619525] iscsi: registered transport (iser)
         Starting Remount Root and Kernel File Systems...
[[0;32m  OK  [0m] Started Load Kernel Modules.
[[0;32m  OK  [0m] Started Set console keymap.
         Mounting FUSE Control File System...
         Starting Apply Kernel Variables...
[[0;32m  OK  [0m] Mounted FUSE Control File System.
[    6.635943] EXT4-fs (sda1): re-mounted. Opts: (null)
[[0;32m  OK  [0m] Started Remount Root and Kernel File Systems.
         Starting udev Coldplug all Devices...
         Starting Flush Journal to Persistent Storage...
         Starting Load/Save Random Seed...
[[0;32m  OK  [0m] Started Load/Save Random Seed.
[[0;32m  OK  [0m] Started Apply Kernel Variables.
[[0;32m  OK  [0m] Started Flush Journal to Persistent Storage.
[[0;32m  OK  [0m] Started udev Kernel Device Manager.
[[0;32m  OK  [0m] Started udev Coldplug all Devices.
[[0;32m  OK  [0m] Started Dispatch Password Requests to Console Directory Watch.
[[0;32m  OK  [0m] Found device /dev/ttyS0.
[[0;32m  OK  [0m] Listening on Load/Save RF Kill Switch Status /dev/rfkill Watch.
[[0;32m  OK  [0m] Started Monitoring of LVM2 mirrors,...ng dmeventd or progress polling.
[[0;32m  OK  [0m] Reached target Local File Systems (Pre).
[[0;32m  OK  [0m] Reached target Local File Systems.
         Starting LSB: AppArmor initialization...
         Starting Tell Plymouth To Write Out Runtime Data...
         Starting Initial cloud-init job (pre-networking)...
         Starting Commit a transient machine-id on disk...
         Starting Set console font and keymap...
         Starting Create Volatile Files and Directories...
[[0;32m  OK  [0m] Started Tell Plymouth To Write Out Runtime Data.
[[0;32m  OK  [0m] Started Create Volatile Files and Directories.
         Starting Update UTMP about System Boot/Shutdown...
[[0;32m  OK  [0m] Started Update UTMP about System Boot/Shutdown.
[[0;32m  OK  [0m] Started Commit a transient machine-id on disk.
[[0;32m  OK  [0m] Started Set console font and keymap.
[[0;32m  OK  [0m] Created slice system-getty.slice.
[[0;32m  OK  [0m] Started LSB: AppArmor initialization.
         Starting Load AppArmor profiles managed internally by snapd...
[[0;32m  OK  [0m] Started Load AppArmor profiles managed internally by snapd.
[    8.397282] cloud-init[614]: Cloud-init v. 21.1-19-gbad84ad4-0ubuntu1~16.04.2 running 'init-local' at Wed, 22 May 2024 09:57:37 +0000. Up 7.99 seconds.
[[0;32m  OK  [0m] Started Initial cloud-init job (pre-networking).
[[0;32m  OK  [0m] Reached target Network (Pre).
         Starting Raise network interfaces...
[[0;32m  OK  [0m] Started Raise network interfaces.
         Starting Initial cloud-init job (metadata service crawler)...
[[0;32m  OK  [0m] Reached target Network.
[    9.863333] cloud-init[943]: Cloud-init v. 21.1-19-gbad84ad4-0ubuntu1~16.04.2 running 'init' at Wed, 22 May 2024 09:57:38 +0000. Up 9.14 seconds.
[    9.866016] cloud-init[943]: ci-info: ++++++++++++++++++++++++++++++++++++++Net device info++++++++++++++++++++++++++++++++++++++
[    9.868554] cloud-init[943]: ci-info: +--------+------+----------------------------+---------------+--------+-------------------+
[    9.871129] cloud-init[943]: ci-info: | Device |  Up  |          Address           |      Mask     | Scope  |     Hw-Address    |
[    9.873777] cloud-init[943]: ci-info: +--------+------+----------------------------+---------------+--------+-------------------+
[    9.876460] cloud-init[943]: ci-info: | enp0s3 | True |         10.0.2.15          | 255.255.255.0 | global | 02:be:82:6b:cc:1d |
[    9.879081] cloud-init[943]: ci-info: | enp0s3 | True | fe80::be:82ff:fe6b:cc1d/64 |       .       |  link  | 02:be:82:6b:cc:1d |
[    9.881743] cloud-init[943]: ci-info: |   lo   | True |         127.0.0.1          |   255.0.0.0   |  host  |         .         |
[    9.884243] cloud-init[943]: ci-info: |   lo   | True |          ::1/128           |       .       |  host  |         .         |
[    9.886863] cloud-init[943]: ci-info: +--------+------+----------------------------+---------------+--------+-------------------+
[    9.889468] cloud-init[943]: ci-info: +++++++++++++++++++++++++++Route IPv4 info++++++++++++++++++++++++++++
[    9.891789] cloud-init[943]: ci-info: +-------+-------------+----------+---------------+-----------+-------+
[    9.894305] cloud-init[943]: ci-info: | Route | Destination | Gateway  |    Genmask    | Interface | Flags |
[    9.896778] cloud-init[943]: ci-info: +-------+-------------+----------+---------------+-----------+-------+
[    9.899593] cloud-init[943]: ci-info: |   0   |   0.0.0.0   | 10.0.2.2 |    0.0.0.0    |   enp0s3  |   UG  |
[    9.902302] cloud-init[943]: ci-info: |   1   |   10.0.2.0  | 0.0.0.0  | 255.255.255.0 |   enp0s3  |   U   |
[    9.904662] cloud-init[943]: ci-info: +-------+-------------+----------+---------------+-----------+-------+
[    9.907000] cloud-init[943]: ci-info: +++++++++++++++++++Route IPv6 info+++++++++++++++++++
[    9.909147] cloud-init[943]: ci-info: +-------+-------------+---------+-----------+-------+
[    9.911261] cloud-init[943]: ci-info: | Route | Destination | Gateway | Interface | Flags |
[    9.913436] cloud-init[943]: ci-info: +-------+-------------+---------+-----------+-------+
[    9.915968] cloud-init[943]: ci-info: |   0   |  fe80::/64  |    ::   |   enp0s3  |   U   |
[    9.918201] cloud-init[943]: ci-info: |   3   |   ff00::/8  |    ::   |   enp0s3  |   U   |
[    9.920277] cloud-init[943]: ci-info: +-------+-------------+---------+-----------+-------+
[    9.922296] cloud-init[943]: Generating public/private rsa key pair.
[    9.924146] cloud-init[943]: Your identification has been saved in /etc/ssh/ssh_host_rsa_key.
[    9.926351] cloud-init[943]: Your public key has been saved in /etc/ssh/ssh_host_rsa_key.pub.
[    9.928554] cloud-init[943]: The key fingerprint is:
[    9.930372] cloud-init[943]: SHA256:pK+47lXe6WC0JAbrqQP38PZ94fK0KjNLFdgTO3i9yjU root@ubuntu-xenial
[    9.932741] cloud-init[943]: The key's randomart image is:
[    9.934574] [[0;32m  OK  [0m] Started Initial cloud-init job (metadata service crawler).
[[0;32m  OK  [0m] Reached target Cloud-config availability.
[[0;32m  OK  [0m] Reached target Network is Online.
cloud-init[943]: +---[RSA 2048]----+
[    9.939391] cloud-init[943]: |        .        |
[    9.940885] cloud-init[943]: |       + +       |
[    9.942432] cloud-init[943]: |    . o O .      |
[    9.944054] cloud-init[943]: |     o + + .     |
[    9.945635] cloud-init[943]: |    . + S E      |
[    9.947121] cloud-init[943]: |. o. o X =.o     |
[    9.948590] cloud-init[943]: | o +o o O.+.     |
[    9.950025] cloud-init[943]: |  ..++++.+o.     |
[    9.951403] cloud-init[943]: |  .==o+=o=+      |
         Starting iSCSI initiator daemon (iscsid)...
[[0;32m  OK  [0m] Reached target System Initialization.
         Starting Socket activation for snappy daemon.
[[0;32m  OK  [0m] Started Ubuntu Advantage update messaging.
[[0;32m  OK  [0m] Started Daily apt download activities.
[[0;32m  OK  [0m] Listening on UUID daemon activation socket.
[[0;32m  OK  [0m] Listening on D-Bus System Message Bus Socket.
[    9.956785] cloud-init         Starting LXD - unix socket.
[[0;32m  OK  [0m] Listening on ACPID Listen Socket.
[[0;32m  OK  [0m] Started Daily apt upgrade and clean activities.
[943]: +----[SHA256]-----+
[[0;32m  OK  [0m] Started ACPI Events Check.
[[0;32m  OK  [0m] Reached target Paths.
[[0;32m  OK  [0m] Started Message of the Day.
[[0;32m  OK  [0m] Started Daily Cleanup of Temporary Directories.
[[    9.965056] cloud-init[943]: Generating public/private dsa key pair.[0;32m  OK  [0m] Reached target Timers.

[[0;32m  OK  [0m] Listening on Socket activation for snappy daemon.
[    9.971697] cloud-init[943]: [[0;32m  OK  [0m] Listening on LXD - unix socket.
[[0;32m  OK  [0m] Reached target Sockets.
[[0;32m  OK  [0m] Reached target Basic System.
Your identification has been saved in /etc/ssh/ssh_host_dsa_key.
[    9.975978] cloud-init[943]: Your public key has been saved in /etc/ssh/ssh_host_dsa_key.pub.         Starting System Logging Service...

[[0;32m  OK  [0m] Started D-Bus System Message Bus.
[    9.978867] cloud-init[943]: The key fingerprint is:
[    9.981178] cloud-init[943]: SHA256:w8Lc1jHZFWnNxZxsSt8D/gaUzV5odgI5uIPQaZrYvSU root@ubuntu-xenial
[    9.984840] cloud-init[943]: The key's randomart image is:
[    9.988135] cloud-init[943]: +---[DSA 1024]----+
[    9.992284] cloud-init[943]: |       . . ..oBO+|
[    9.993548] cloud-init[943]: |      . + .oo*B*B|
[    9.994770] cloud-init[943]: |     o * .+.==*oo|
[    9.995945] cloud-init[943]: |    .o+oE.+o + +.|
[    9.997180] cloud-init[943]: |      + S+..  o .|
[    9.998362] cloud-init[943]: |       o..     o |
[    9.999564] cloud-init[943]: |              .  |
[   10.000712] cloud-init[943]: |                 |
[   10.001898] cloud-init[943]: |                 |
[   10.003742] cloud-init[943]: +----[SHA256]-----+
[   10.005124] cloud-init[943]: Generating public/private ecdsa key pair.
[   10.006710] cloud-init[943]: Your identification has been saved in /etc/ssh/ssh_host_ecdsa_key.
[   10.008941] cloud-init[943]: Your public key has been saved in /etc/ssh/ssh_host_ecdsa_key.pub.
[   10.010718] cloud-init[943]: The key fingerprint is:
[   10.012054] cloud-init[943]: SHA256:Leu96ijZGocYlzeUAafk8jJuCK3+0UjR7QHralSCi88 root@ubuntu-xenial
[   10.014118] cloud-init[943]: The key's randomart image is:
[   10.015496] cloud-init[943]: +---[ECDSA 256]---+
[   10.016804] cloud-init[943]: |    ooo          |
[   10.018055] cloud-init[943]: |  .o.o+o         |
[   10.019293] cloud-init[943]: | ..oo+oo         |
[   10.020823] cloud-init[943]: |...o=o. ..       |
[   10.022064] cloud-init[943]: |o.=o+.o.S .      |
[   10.023368] cloud-init[943]: |.*o*+o . o       |
[   10.024628] cloud-init[943]: |o E=o+. .        |
[   10.025862] cloud-init[943]: |... +o.o .       |
[   10.027378] cloud-init[943]: | ....o..+.o.     |
[   10.029338] cloud-init[943]: +----[SHA256]-----+
[   10.030987] cloud-init[943]: Generating public/private ed25519 key pair.
[   10.033201] cloud-init[943]: Your identification has been saved in /etc/ssh/ssh_host_ed25519_key.
[   10.035341] cloud-init[943]: Your public key has been saved in /etc/ssh/ssh_host_ed25519_key.pub.
[   10.037364] cloud-init[943]: The key fingerprint is:
[   10.038781] cloud-init[943]: SHA256:8hwpWAxy24sVN6KTEgjyXa+PSm6gyjmUsTyfa04RQ0s root@ubuntu-xenial
[   10.040818] cloud-init[943]: The key's randomart image is:
[   10.042378] cloud-init[943]: +--[ED25519 256]--+
[   10.043788] cloud-init[943]: |+.oEo + o        |
[   10.045236] cloud-init[943]: |o.o=.O = .       |
[   10.046864] cloud-init[943]: |  o+* = .        |
[   10.048178] cloud-init[943]: | . .o* o .       |
[   10.049548] cloud-init[943]: |. +.o = S        |
[   10.050732] cloud-init[943]: | *. .  B .       |
         Starting LSB: MD monitoring daemon...
[   10.052137] cloud-init         Starting Login Service...
[943]: |..ooo . +        |
         Starting Virtualbox guest utils...
[   10.055403] cloud-init[943]: |o.o*..           |[[0;32m  OK  [0m] Started FUSE filesystem for LXC.

[   10.057747] [[0;32m  OK  [0m] Started Deferred execution scheduler.
cloud-init[943]: |oo+++            |         Starting Snap Daemon...
         Starting Pollinate to seed the pseudo random number generator...
[[0;32m  OK  [0m] Started Regular background program processing daemon.
         Starting LSB: Record successful boot for GRUB...
         Starting Accounts Service...
         Starting /etc/rc.local Compatibility...
[[0;32m  OK  [0m] Started ACPI event daemon.
         Starting LXD - container startup/shutdown...
[[0;32m  OK  [0m] Started System Logging Service.
[[0;32m  OK  [0m] Started /etc/rc.local Compatibility.

[   10.106054] cloud-init[943]: +----[SHA256]-----+
[[0;32m  OK  [0m] Started Login Service.
[[0;32m  OK  [0m] Started Unattended Upgrades Shutdown.
[[0;32m  OK  [0m] Started iSCSI initiator daemon (iscsid).
         Starting Login to default iSCSI targets...
[[0;32m  OK  [0m] Started LSB: MD monitoring daemon.
[[0;32m  OK  [0m] Started Login to default iSCSI targets.
[[0;32m  OK  [0m] Reached target Remote File Systems (Pre).
[[0;32m  OK  [0m] Reached target Remote File Systems.
         Starting LSB: daemon to balance interrupts for SMP systems...
         Starting LSB: automatic crash report generation...
         Starting LSB: Set the CPU Frequency Scaling governor to "ondemand"...
         Starting Permit User Sessions...
[[0;32m  OK  [0m] Started Permit User Sessions.
         Starting Hold until boot process finishes up...
         Starting Terminate Plymouth Boot Screen...
[[0;32m  OK  [0m] Started Hold until boot process finishes up.
[[0;32m  OK  [0m] Started LSB: Record successful boot for GRUB.
[[0;32m  OK  [0m] Started Terminate Plymouth Boot Screen.
         Starting Authenticate and Authorize Users to Run Privileged Tasks...
[[0;32m  OK  [0m] Started Serial Getty on ttyS0.
[[0;32m  OK  [0m] Started Getty on tty1.
[[0;32m  OK  [0m] Reached target Login Prompts.
         Starting Set console scheme...
[[0;32m  OK  [0m] Started LSB: Set the CPU Frequency Scaling governor to "ondemand".
[[0;32m  OK  [0m] Started Set console scheme.
[[0;32m  OK  [0m] Started LSB: automatic crash report generation.
[[0;32m  OK  [0m] Started Virtualbox guest utils.
[[0;32m  OK  [0m] Started LSB: daemon to balance interrupts for SMP systems.
[[0;32m  OK  [0m] Started Authenticate and Authorize Users to Run Privileged Tasks.
[[0;32m  OK  [0m] Started Accounts Service.
[[0;32m  OK  [0m] Started LXD - container startup/shutdown.
[[0;32m  OK  [0m] Started Snap Daemon.
         Starting Wait until snapd is fully seeded...

Ubuntu 16.04.7 LTS ubuntu-xenial ttyS0

ubuntu-xenial login: [   50.185403] cloud-init[1715]: Generating locales (this might take a while)...
[   50.788176] cloud-init[1715]:   en_US.UTF-8... done
[   50.788835] cloud-init[1715]: Generation complete.
[   51.064843] cloud-init[1715]: Cloud-init v. 21.1-19-gbad84ad4-0ubuntu1~16.04.2 running 'modules:config' at Wed, 22 May 2024 09:58:19 +0000. Up 50.08 seconds.
ci-info: no authorized SSH keys fingerprints found for user ubuntu.
<14>May 22 09:58:21 ec2: 
<14>May 22 09:58:21 ec2: #############################################################
<14>May 22 09:58:21 ec2: -----BEGIN SSH HOST KEY FINGERPRINTS-----
<14>May 22 09:58:21 ec2: 1024 SHA256:w8Lc1jHZFWnNxZxsSt8D/gaUzV5odgI5uIPQaZrYvSU root@ubuntu-xenial (DSA)
<14>May 22 09:58:21 ec2: 256 SHA256:Leu96ijZGocYlzeUAafk8jJuCK3+0UjR7QHralSCi88 root@ubuntu-xenial (ECDSA)
<14>May 22 09:58:21 ec2: 256 SHA256:8hwpWAxy24sVN6KTEgjyXa+PSm6gyjmUsTyfa04RQ0s root@ubuntu-xenial (ED25519)
<14>May 22 09:58:21 ec2: 2048 SHA256:pK+47lXe6WC0JAbrqQP38PZ94fK0KjNLFdgTO3i9yjU root@ubuntu-xenial (RSA)
<14>May 22 09:58:21 ec2: -----END SSH HOST KEY FINGERPRINTS-----
<14>May 22 09:58:21 ec2: #############################################################
-----BEGIN SSH HOST KEY KEYS-----
ecdsa-sha2-nistp256 AAAAE2VjZHNhLXNoYTItbmlzdHAyNTYAAAAIbmlzdHAyNTYAAABBBLAanQ8kjQhxRvq14izD0pUyux9RCEEi3dE6/THm6FYMQk3R4ApOSwIXhjfhHlgzQftkp130By9axQTh9jNZs3s= root@ubuntu-xenial
ssh-ed25519 AAAAC3NzaC1lZDI1NTE5AAAAIOVtFvMcpvGkXQhjeBBk+02Pplnhp/Vi54LLGYKJrx99 root@ubuntu-xenial
ssh-rsa AAAAB3NzaC1yc2EAAAADAQABAAABAQC1+pfWTovigNXZM6XAxb1Fzv0kBNnqMpBIxGWJ1lRR3GtHtrBShDSF+C6kFjIzLJfsVC9h0dzr4RNfTMIBI8uzfzJP0ATJAePNrKoWPv1tHE6Wo4PB4aPx7NB85UUa6L7KtjtR3awl4Lsmqxg4lsKxKjdC4NTf8AAUeS9oTqwkkcPZ5obCJKsqeHXcxsHCgiEWfRUPP+rGlWbODwqZb5aNIHjABl1LbQpLnOo5f78IFU1XPOniRDARgG7gqm8EpQ9owaUDJuEll9FGSoNFuYPdf1MJ+mRgKkvGOM/Eq7OG2NW7LsIRKbRB92q67+thXcy2PU+/5xTrdu0VO1oT1ksX root@ubuntu-xenial
-----END SSH HOST KEY KEYS-----
[   51.508209] cloud-init[1757]: Cloud-init v. 21.1-19-gbad84ad4-0ubuntu1~16.04.2 running 'modules:final' at Wed, 22 May 2024 09:58:21 +0000. Up 51.38 seconds.
[   51.509891] cloud-init[1757]: ci-info: no authorized SSH keys fingerprints found for user ubuntu.
[   51.511537] cloud-init[1757]: Cloud-init v. 21.1-19-gbad84ad4-0ubuntu1~16.04.2 finished at Wed, 22 May 2024 09:58:21 +0000. Datasource DataSourceNoCloud [seed=/dev/sdb][dsmode=net].  Up 51.50 seconds
